<?xml version="1.0" encoding="UTF-8"?>
<!-- Generated by org.testng.reporters.JUnitReportReporter -->
<testsuite skipped="0" hostname="DESKTOP-N4P1HPV" name="cts.com.AppTest" tests="1" failures="0" timestamp="25 Nov 2018 13:22:15 GMT" time="0.001" errors="0">
  <testcase name="testApp" time="0.001" classname="cts.com.AppTest"/>
</testsuite> <!-- cts.com.AppTest -->
